<?xml version="1.0" encoding="UTF-8"?>
<testsuites>
  <testsuite name="Atomic_Operations" timestamp="2025-09-19T20:54:22-04:00">
