<?xml version="1.0" encoding="UTF-8"?>
<testsuites>
  <testsuite name="Rollback_Integration" timestamp="2025-09-19T00:59:18-04:00">
