<?xml version="1.0" encoding="UTF-8"?>
<testsuites>
  <testsuite name="Chezmoi_Integration" timestamp="2025-09-19T00:59:17-04:00">
