<?xml version="1.0" encoding="UTF-8"?>
<testsuites>
  <testsuite name="Bootstrap_Core" timestamp="2025-09-19T10:06:51-04:00">
