<?xml version="1.0" encoding="UTF-8"?>
<testsuites>
  <testsuite name="Test" timestamp="2025-09-19T20:52:34-04:00">
