<?xml version="1.0" encoding="UTF-8"?>
<testsuites>
  <testsuite name="TestSuite" timestamp="2025-09-19T20:51:39-04:00">
