<?xml version="1.0" encoding="UTF-8"?>
<testsuites>
  <testsuite name="Input_Validation" timestamp="2025-09-19T20:50:35-04:00">
