<?xml version="1.0" encoding="UTF-8"?>
<testsuites>
  <testsuite name="Platform_Detection" timestamp="2025-09-19T20:50:34-04:00">
