<?xml version="1.0" encoding="UTF-8"?>
<testsuites>
  <testsuite name="Bootstrap_Core" timestamp="2025-09-19T20:50:33-04:00">
